<?xml version="1.0" encoding="UTF-8"?>
<coverage generated="1676535080750" clover="3.2.0">
  <project timestamp="1676535080750" name="All files">
    <metrics statements="36" coveredstatements="5" conditionals="10" coveredconditionals="1" methods="15" coveredmethods="3" elements="61" coveredelements="9" complexity="0" loc="36" ncloc="36" packages="2" files="2" classes="2"/>
    <package name="components">
      <metrics statements="6" coveredstatements="5" conditionals="2" coveredconditionals="1" methods="5" coveredmethods="3"/>
      <file name="Form.js" path="/Users/dhas/Documents/office/dodge/microfrontend-d-c/packages/container/src/components/Form.js">
        <metrics statements="6" coveredstatements="5" conditionals="2" coveredconditionals="1" methods="5" coveredmethods="3"/>
        <line num="21" count="6" type="stmt"/>
        <line num="29" count="6" type="stmt"/>
        <line num="31" count="6" type="stmt"/>
        <line num="85" count="6" type="stmt"/>
        <line num="153" count="9" type="stmt"/>
        <line num="216" count="0" type="stmt"/>
      </file>
    </package>
    <package name="container">
      <metrics statements="30" coveredstatements="0" conditionals="8" coveredconditionals="0" methods="10" coveredmethods="0"/>
      <file name="index.js" path="/Users/dhas/Documents/office/dodge/microfrontend-d-c/packages/container/src/container/index.js">
        <metrics statements="30" coveredstatements="0" conditionals="8" coveredconditionals="0" methods="10" coveredmethods="0"/>
        <line num="13" count="0" type="stmt"/>
        <line num="14" count="0" type="stmt"/>
        <line num="16" count="0" type="stmt"/>
        <line num="18" count="0" type="stmt"/>
        <line num="19" count="0" type="stmt"/>
        <line num="21" count="0" type="stmt"/>
        <line num="22" count="0" type="stmt"/>
        <line num="23" count="0" type="stmt"/>
        <line num="26" count="0" type="stmt"/>
        <line num="41" count="0" type="stmt"/>
        <line num="42" count="0" type="cond" truecount="0" falsecount="4"/>
        <line num="43" count="0" type="cond" truecount="0" falsecount="2"/>
        <line num="44" count="0" type="stmt"/>
        <line num="45" count="0" type="stmt"/>
        <line num="47" count="0" type="stmt"/>
        <line num="51" count="0" type="stmt"/>
        <line num="52" count="0" type="stmt"/>
        <line num="58" count="0" type="cond" truecount="0" falsecount="2"/>
        <line num="59" count="0" type="stmt"/>
        <line num="60" count="0" type="stmt"/>
        <line num="64" count="0" type="stmt"/>
        <line num="67" count="0" type="stmt"/>
        <line num="68" count="0" type="stmt"/>
        <line num="69" count="0" type="stmt"/>
        <line num="73" count="0" type="stmt"/>
        <line num="74" count="0" type="stmt"/>
        <line num="83" count="0" type="stmt"/>
        <line num="87" count="0" type="stmt"/>
        <line num="88" count="0" type="stmt"/>
        <line num="91" count="0" type="stmt"/>
      </file>
    </package>
  </project>
</coverage>
