<?xml version="1.0" encoding="UTF-8"?>
<coverage generated="1678695882471" clover="3.2.0">
  <project timestamp="1678695882471" name="All files">
    <metrics statements="30" coveredstatements="14" conditionals="12" coveredconditionals="4" methods="8" coveredmethods="3" elements="50" coveredelements="21" complexity="0" loc="30" ncloc="30" packages="1" files="1" classes="1"/>
    <file name="form.js" path="/Users/dhas/Documents/office/dodge/microfrontend-d-c/packages/container/src/components/company-ranking/form.js">
      <metrics statements="30" coveredstatements="14" conditionals="12" coveredconditionals="4" methods="8" coveredmethods="3"/>
      <line num="12" count="1" type="stmt"/>
      <line num="19" count="2" type="stmt"/>
      <line num="23" count="2" type="stmt"/>
      <line num="24" count="2" type="stmt"/>
      <line num="25" count="2" type="stmt"/>
      <line num="28" count="2" type="cond" truecount="2" falsecount="0"/>
      <line num="30" count="2" type="stmt"/>
      <line num="31" count="0" type="stmt"/>
      <line num="32" count="0" type="cond" truecount="0" falsecount="2"/>
      <line num="33" count="0" type="stmt"/>
      <line num="36" count="0" type="stmt"/>
      <line num="38" count="0" type="stmt"/>
      <line num="41" count="2" type="stmt"/>
      <line num="42" count="0" type="stmt"/>
      <line num="43" count="0" type="stmt"/>
      <line num="44" count="0" type="cond" truecount="0" falsecount="2"/>
      <line num="45" count="0" type="stmt"/>
      <line num="46" count="0" type="stmt"/>
      <line num="47" count="0" type="stmt"/>
      <line num="49" count="0" type="stmt"/>
      <line num="53" count="2" type="stmt"/>
      <line num="55" count="0" type="stmt"/>
      <line num="58" count="2" type="stmt"/>
      <line num="59" count="2" type="cond" truecount="1" falsecount="1"/>
      <line num="60" count="0" type="stmt"/>
      <line num="62" count="2" type="stmt"/>
      <line num="70" count="2" type="stmt"/>
      <line num="90" count="4" type="stmt"/>
      <line num="112" count="0" type="stmt"/>
      <line num="120" count="0" type="stmt"/>
    </file>
  </project>
</coverage>
