{"/Users/dhas/Documents/office/dodge/microfrontend-d-c/packages/container/src/App.js": {"path":"/Users/dhas/Documents/office/dodge/microfrontend-d-c/packages/container/src/App.js","statementMap":{"0":{"start":{"line":16,"column":17},"end":{"line":16,"column":64}},"1":{"start":{"line":16,"column":28},"end":{"line":16,"column":63}},"2":{"start":{"line":17,"column":22},"end":{"line":17,"column":57}},"3":{"start":{"line":17,"column":33},"end":{"line":17,"column":56}},"4":{"start":{"line":18,"column":20},"end":{"line":18,"column":58}},"5":{"start":{"line":18,"column":31},"end":{"line":18,"column":57}},"6":{"start":{"line":19,"column":22},"end":{"line":19,"column":62}},"7":{"start":{"line":19,"column":33},"end":{"line":19,"column":61}},"8":{"start":{"line":20,"column":21},"end":{"line":20,"column":60}},"9":{"start":{"line":20,"column":32},"end":{"line":20,"column":59}},"10":{"start":{"line":21,"column":23},"end":{"line":21,"column":64}},"11":{"start":{"line":21,"column":34},"end":{"line":21,"column":63}},"12":{"start":{"line":24,"column":26},"end":{"line":24,"column":46}},"13":{"start":{"line":25,"column":33},"end":{"line":25,"column":42}},"14":{"start":{"line":27,"column":23},"end":{"line":41,"column":3}},"15":{"start":{"line":28,"column":20},"end":{"line":31,"column":5}},"16":{"start":{"line":34,"column":4},"end":{"line":40,"column":5}},"17":{"start":{"line":35,"column":23},"end":{"line":35,"column":65}},"18":{"start":{"line":36,"column":6},"end":{"line":36,"column":34}},"19":{"start":{"line":38,"column":6},"end":{"line":39,"column":54}},"20":{"start":{"line":39,"column":30},"end":{"line":39,"column":52}},"21":{"start":{"line":43,"column":19},"end":{"line":47,"column":3}},"22":{"start":{"line":44,"column":4},"end":{"line":46,"column":7}},"23":{"start":{"line":45,"column":6},"end":{"line":45,"column":30}},"24":{"start":{"line":49,"column":2},"end":{"line":103,"column":4}}},"fnMap":{"0":{"name":"(anonymous_0)","decl":{"start":{"line":16,"column":22},"end":{"line":16,"column":23}},"loc":{"start":{"line":16,"column":28},"end":{"line":16,"column":63}},"line":16},"1":{"name":"(anonymous_1)","decl":{"start":{"line":17,"column":27},"end":{"line":17,"column":28}},"loc":{"start":{"line":17,"column":33},"end":{"line":17,"column":56}},"line":17},"2":{"name":"(anonymous_2)","decl":{"start":{"line":18,"column":25},"end":{"line":18,"column":26}},"loc":{"start":{"line":18,"column":31},"end":{"line":18,"column":57}},"line":18},"3":{"name":"(anonymous_3)","decl":{"start":{"line":19,"column":27},"end":{"line":19,"column":28}},"loc":{"start":{"line":19,"column":33},"end":{"line":19,"column":61}},"line":19},"4":{"name":"(anonymous_4)","decl":{"start":{"line":20,"column":26},"end":{"line":20,"column":27}},"loc":{"start":{"line":20,"column":32},"end":{"line":20,"column":59}},"line":20},"5":{"name":"(anonymous_5)","decl":{"start":{"line":21,"column":28},"end":{"line":21,"column":29}},"loc":{"start":{"line":21,"column":34},"end":{"line":21,"column":63}},"line":21},"6":{"name":"(anonymous_6)","decl":{"start":{"line":23,"column":15},"end":{"line":23,"column":16}},"loc":{"start":{"line":23,"column":21},"end":{"line":104,"column":1}},"line":23},"7":{"name":"(anonymous_7)","decl":{"start":{"line":27,"column":23},"end":{"line":27,"column":24}},"loc":{"start":{"line":27,"column":35},"end":{"line":41,"column":3}},"line":27},"8":{"name":"(anonymous_8)","decl":{"start":{"line":39,"column":14},"end":{"line":39,"column":15}},"loc":{"start":{"line":39,"column":30},"end":{"line":39,"column":52}},"line":39},"9":{"name":"(anonymous_9)","decl":{"start":{"line":43,"column":19},"end":{"line":43,"column":20}},"loc":{"start":{"line":43,"column":25},"end":{"line":47,"column":3}},"line":43},"10":{"name":"(anonymous_10)","decl":{"start":{"line":44,"column":47},"end":{"line":44,"column":48}},"loc":{"start":{"line":44,"column":54},"end":{"line":46,"column":5}},"line":44},"11":{"name":"(anonymous_11)","decl":{"start":{"line":52,"column":15},"end":{"line":52,"column":16}},"loc":{"start":{"line":52,"column":21},"end":{"line":52,"column":23}},"line":52}},"branchMap":{},"s":{"0":0,"1":0,"2":0,"3":0,"4":0,"5":0,"6":0,"7":0,"8":0,"9":0,"10":0,"11":0,"12":0,"13":0,"14":0,"15":0,"16":0,"17":0,"18":0,"19":0,"20":0,"21":0,"22":0,"23":0,"24":0},"f":{"0":0,"1":0,"2":0,"3":0,"4":0,"5":0,"6":0,"7":0,"8":0,"9":0,"10":0,"11":0},"b":{}}
,"/Users/dhas/Documents/office/dodge/microfrontend-d-c/packages/container/src/MuiClassNameSetup.js": {"path":"/Users/dhas/Documents/office/dodge/microfrontend-d-c/packages/container/src/MuiClassNameSetup.js","statementMap":{"0":{"start":{"line":3,"column":0},"end":{"line":3,"column":82}},"1":{"start":{"line":3,"column":48},"end":{"line":3,"column":80}}},"fnMap":{"0":{"name":"(anonymous_0)","decl":{"start":{"line":3,"column":29},"end":{"line":3,"column":30}},"loc":{"start":{"line":3,"column":48},"end":{"line":3,"column":80}},"line":3}},"branchMap":{},"s":{"0":0,"1":0},"f":{"0":0},"b":{}}
,"/Users/dhas/Documents/office/dodge/microfrontend-d-c/packages/container/src/authConfig.js": {"path":"/Users/dhas/Documents/office/dodge/microfrontend-d-c/packages/container/src/authConfig.js","statementMap":{"0":{"start":{"line":13,"column":26},"end":{"line":48,"column":1}},"1":{"start":{"line":26,"column":8},"end":{"line":28,"column":9}},"2":{"start":{"line":27,"column":10},"end":{"line":27,"column":17}},"3":{"start":{"line":29,"column":8},"end":{"line":44,"column":9}},"4":{"start":{"line":31,"column":12},"end":{"line":31,"column":35}},"5":{"start":{"line":32,"column":12},"end":{"line":32,"column":19}},"6":{"start":{"line":35,"column":12},"end":{"line":35,"column":19}},"7":{"start":{"line":37,"column":12},"end":{"line":37,"column":35}},"8":{"start":{"line":38,"column":12},"end":{"line":38,"column":19}},"9":{"start":{"line":40,"column":12},"end":{"line":40,"column":34}},"10":{"start":{"line":41,"column":12},"end":{"line":41,"column":19}},"11":{"start":{"line":43,"column":12},"end":{"line":43,"column":19}},"12":{"start":{"line":56,"column":28},"end":{"line":58,"column":1}},"13":{"start":{"line":60,"column":32},"end":{"line":62,"column":1}},"14":{"start":{"line":68,"column":27},"end":{"line":70,"column":1}}},"fnMap":{"0":{"name":"(anonymous_0)","decl":{"start":{"line":25,"column":22},"end":{"line":25,"column":23}},"loc":{"start":{"line":25,"column":55},"end":{"line":45,"column":7}},"line":25}},"branchMap":{"0":{"loc":{"start":{"line":26,"column":8},"end":{"line":28,"column":9}},"type":"if","locations":[{"start":{"line":26,"column":8},"end":{"line":28,"column":9}},{"start":{},"end":{}}],"line":26},"1":{"loc":{"start":{"line":29,"column":8},"end":{"line":44,"column":9}},"type":"switch","locations":[{"start":{"line":30,"column":10},"end":{"line":32,"column":19}},{"start":{"line":33,"column":10},"end":{"line":35,"column":19}},{"start":{"line":36,"column":10},"end":{"line":38,"column":19}},{"start":{"line":39,"column":10},"end":{"line":41,"column":19}},{"start":{"line":42,"column":10},"end":{"line":43,"column":19}}],"line":29}},"s":{"0":0,"1":0,"2":0,"3":0,"4":0,"5":0,"6":0,"7":0,"8":0,"9":0,"10":0,"11":0,"12":0,"13":0,"14":0},"f":{"0":0},"b":{"0":[0,0],"1":[0,0,0,0,0]}}
,"/Users/dhas/Documents/office/dodge/microfrontend-d-c/packages/container/src/bootstrap.js": {"path":"/Users/dhas/Documents/office/dodge/microfrontend-d-c/packages/container/src/bootstrap.js","statementMap":{"0":{"start":{"line":11,"column":16},"end":{"line":11,"column":38}},"1":{"start":{"line":12,"column":21},"end":{"line":12,"column":60}},"2":{"start":{"line":14,"column":0},"end":{"line":19,"column":3}},"3":{"start":{"line":15,"column":2},"end":{"line":18,"column":3}},"4":{"start":{"line":16,"column":6},"end":{"line":16,"column":41}},"5":{"start":{"line":17,"column":6},"end":{"line":17,"column":50}},"6":{"start":{"line":22,"column":13},"end":{"line":22,"column":65}},"7":{"start":{"line":24,"column":0},"end":{"line":30,"column":2}}},"fnMap":{"0":{"name":"(anonymous_0)","decl":{"start":{"line":14,"column":30},"end":{"line":14,"column":31}},"loc":{"start":{"line":14,"column":39},"end":{"line":19,"column":1}},"line":14}},"branchMap":{"0":{"loc":{"start":{"line":15,"column":2},"end":{"line":18,"column":3}},"type":"if","locations":[{"start":{"line":15,"column":2},"end":{"line":18,"column":3}},{"start":{},"end":{}}],"line":15}},"s":{"0":0,"1":0,"2":0,"3":0,"4":0,"5":0,"6":0,"7":0},"f":{"0":0},"b":{"0":[0,0]}}
,"/Users/dhas/Documents/office/dodge/microfrontend-d-c/packages/container/src/index.js": {"path":"/Users/dhas/Documents/office/dodge/microfrontend-d-c/packages/container/src/index.js","statementMap":{"0":{"start":{"line":1,"column":0},"end":{"line":1,"column":22}}},"fnMap":{},"branchMap":{},"s":{"0":0},"f":{},"b":{}}
,"/Users/dhas/Documents/office/dodge/microfrontend-d-c/packages/container/src/components/ErrorBoundary.js": {"path":"/Users/dhas/Documents/office/dodge/microfrontend-d-c/packages/container/src/components/ErrorBoundary.js","statementMap":{"0":{"start":{"line":7,"column":31},"end":{"line":20,"column":1}},"1":{"start":{"line":25,"column":18},"end":{"line":29,"column":3}},"2":{"start":{"line":26,"column":4},"end":{"line":28,"column":5}},"3":{"start":{"line":27,"column":6},"end":{"line":27,"column":31}},"4":{"start":{"line":31,"column":2},"end":{"line":49,"column":4}}},"fnMap":{"0":{"name":"ErrorBoundary","decl":{"start":{"line":22,"column":9},"end":{"line":22,"column":22}},"loc":{"start":{"line":22,"column":25},"end":{"line":50,"column":1}},"line":22},"1":{"name":"(anonymous_1)","decl":{"start":{"line":25,"column":18},"end":{"line":25,"column":19}},"loc":{"start":{"line":25,"column":24},"end":{"line":29,"column":3}},"line":25}},"branchMap":{"0":{"loc":{"start":{"line":26,"column":4},"end":{"line":28,"column":5}},"type":"if","locations":[{"start":{"line":26,"column":4},"end":{"line":28,"column":5}},{"start":{},"end":{}}],"line":26}},"s":{"0":0,"1":0,"2":0,"3":0,"4":0},"f":{"0":0,"1":0},"b":{"0":[0,0]}}
,"/Users/dhas/Documents/office/dodge/microfrontend-d-c/packages/container/src/components/ErrorBoundary.stories.jsx": {"path":"/Users/dhas/Documents/office/dodge/microfrontend-d-c/packages/container/src/components/ErrorBoundary.stories.jsx","statementMap":{"0":{"start":{"line":10,"column":17},"end":{"line":10,"column":54}},"1":{"start":{"line":10,"column":27},"end":{"line":10,"column":54}},"2":{"start":{"line":12,"column":21},"end":{"line":12,"column":38}},"3":{"start":{"line":14,"column":0},"end":{"line":14,"column":16}}},"fnMap":{"0":{"name":"(anonymous_0)","decl":{"start":{"line":10,"column":17},"end":{"line":10,"column":18}},"loc":{"start":{"line":10,"column":27},"end":{"line":10,"column":54}},"line":10}},"branchMap":{},"s":{"0":0,"1":0,"2":0,"3":0},"f":{"0":0},"b":{}}
,"/Users/dhas/Documents/office/dodge/microfrontend-d-c/packages/container/src/components/Header.js": {"path":"/Users/dhas/Documents/office/dodge/microfrontend-d-c/packages/container/src/components/Header.js","statementMap":{"0":{"start":{"line":9,"column":18},"end":{"line":13,"column":3}},"1":{"start":{"line":10,"column":4},"end":{"line":12,"column":5}},"2":{"start":{"line":11,"column":6},"end":{"line":11,"column":18}},"3":{"start":{"line":15,"column":2},"end":{"line":46,"column":4}},"4":{"start":{"line":21,"column":39},"end":{"line":21,"column":75}}},"fnMap":{"0":{"name":"Header","decl":{"start":{"line":8,"column":24},"end":{"line":8,"column":30}},"loc":{"start":{"line":8,"column":58},"end":{"line":47,"column":1}},"line":8},"1":{"name":"(anonymous_1)","decl":{"start":{"line":9,"column":18},"end":{"line":9,"column":19}},"loc":{"start":{"line":9,"column":24},"end":{"line":13,"column":3}},"line":9},"2":{"name":"(anonymous_2)","decl":{"start":{"line":21,"column":28},"end":{"line":21,"column":29}},"loc":{"start":{"line":21,"column":39},"end":{"line":21,"column":75}},"line":21}},"branchMap":{"0":{"loc":{"start":{"line":10,"column":4},"end":{"line":12,"column":5}},"type":"if","locations":[{"start":{"line":10,"column":4},"end":{"line":12,"column":5}},{"start":{},"end":{}}],"line":10},"1":{"loc":{"start":{"line":10,"column":8},"end":{"line":10,"column":31}},"type":"binary-expr","locations":[{"start":{"line":10,"column":8},"end":{"line":10,"column":18}},{"start":{"line":10,"column":22},"end":{"line":10,"column":31}}],"line":10},"2":{"loc":{"start":{"line":38,"column":16},"end":{"line":38,"column":49}},"type":"cond-expr","locations":[{"start":{"line":38,"column":29},"end":{"line":38,"column":32}},{"start":{"line":38,"column":35},"end":{"line":38,"column":49}}],"line":38},"3":{"loc":{"start":{"line":41,"column":13},"end":{"line":41,"column":48}},"type":"cond-expr","locations":[{"start":{"line":41,"column":26},"end":{"line":41,"column":36}},{"start":{"line":41,"column":39},"end":{"line":41,"column":48}}],"line":41}},"s":{"0":0,"1":0,"2":0,"3":0,"4":0},"f":{"0":0,"1":0,"2":0},"b":{"0":[0,0],"1":[0,0],"2":[0,0],"3":[0,0]}}
,"/Users/dhas/Documents/office/dodge/microfrontend-d-c/packages/container/src/components/NotFound.js": {"path":"/Users/dhas/Documents/office/dodge/microfrontend-d-c/packages/container/src/components/NotFound.js","statementMap":{"0":{"start":{"line":3,"column":17},"end":{"line":9,"column":1}},"1":{"start":{"line":4,"column":4},"end":{"line":8,"column":5}}},"fnMap":{"0":{"name":"(anonymous_0)","decl":{"start":{"line":3,"column":17},"end":{"line":3,"column":18}},"loc":{"start":{"line":3,"column":23},"end":{"line":9,"column":1}},"line":3}},"branchMap":{},"s":{"0":0,"1":0},"f":{"0":0},"b":{}}
,"/Users/dhas/Documents/office/dodge/microfrontend-d-c/packages/container/src/components/Profile.js": {"path":"/Users/dhas/Documents/office/dodge/microfrontend-d-c/packages/container/src/components/Profile.js","statementMap":{"0":{"start":{"line":8,"column":16},"end":{"line":45,"column":1}},"1":{"start":{"line":9,"column":35},"end":{"line":9,"column":44}},"2":{"start":{"line":10,"column":38},"end":{"line":10,"column":52}},"3":{"start":{"line":14,"column":31},"end":{"line":28,"column":5}},"4":{"start":{"line":15,"column":24},"end":{"line":18,"column":9}},"5":{"start":{"line":21,"column":8},"end":{"line":27,"column":11}},"6":{"start":{"line":22,"column":12},"end":{"line":22,"column":87}},"7":{"start":{"line":22,"column":63},"end":{"line":22,"column":85}},"8":{"start":{"line":24,"column":12},"end":{"line":26,"column":15}},"9":{"start":{"line":25,"column":16},"end":{"line":25,"column":91}},"10":{"start":{"line":25,"column":67},"end":{"line":25,"column":89}},"11":{"start":{"line":30,"column":4},"end":{"line":32,"column":9}},"12":{"start":{"line":31,"column":8},"end":{"line":31,"column":28}},"13":{"start":{"line":35,"column":4},"end":{"line":44,"column":5}}},"fnMap":{"0":{"name":"(anonymous_0)","decl":{"start":{"line":8,"column":16},"end":{"line":8,"column":17}},"loc":{"start":{"line":8,"column":22},"end":{"line":45,"column":1}},"line":8},"1":{"name":"(anonymous_1)","decl":{"start":{"line":14,"column":31},"end":{"line":14,"column":32}},"loc":{"start":{"line":14,"column":37},"end":{"line":28,"column":5}},"line":14},"2":{"name":"(anonymous_2)","decl":{"start":{"line":21,"column":50},"end":{"line":21,"column":51}},"loc":{"start":{"line":21,"column":64},"end":{"line":23,"column":9}},"line":21},"3":{"name":"(anonymous_3)","decl":{"start":{"line":22,"column":51},"end":{"line":22,"column":52}},"loc":{"start":{"line":22,"column":63},"end":{"line":22,"column":85}},"line":22},"4":{"name":"(anonymous_4)","decl":{"start":{"line":23,"column":17},"end":{"line":23,"column":18}},"loc":{"start":{"line":23,"column":24},"end":{"line":27,"column":9}},"line":23},"5":{"name":"(anonymous_5)","decl":{"start":{"line":24,"column":53},"end":{"line":24,"column":54}},"loc":{"start":{"line":24,"column":67},"end":{"line":26,"column":13}},"line":24},"6":{"name":"(anonymous_6)","decl":{"start":{"line":25,"column":55},"end":{"line":25,"column":56}},"loc":{"start":{"line":25,"column":67},"end":{"line":25,"column":89}},"line":25},"7":{"name":"(anonymous_7)","decl":{"start":{"line":30,"column":14},"end":{"line":30,"column":15}},"loc":{"start":{"line":30,"column":20},"end":{"line":32,"column":5}},"line":30}},"branchMap":{"0":{"loc":{"start":{"line":38,"column":13},"end":{"line":41,"column":16}},"type":"cond-expr","locations":[{"start":{"line":39,"column":16},"end":{"line":39,"column":53}},{"start":{"line":41,"column":12},"end":{"line":41,"column":16}}],"line":38}},"s":{"0":0,"1":0,"2":0,"3":0,"4":0,"5":0,"6":0,"7":0,"8":0,"9":0,"10":0,"11":0,"12":0,"13":0},"f":{"0":0,"1":0,"2":0,"3":0,"4":0,"5":0,"6":0,"7":0},"b":{"0":[0,0]}}
,"/Users/dhas/Documents/office/dodge/microfrontend-d-c/packages/container/src/components/ProfileData.js": {"path":"/Users/dhas/Documents/office/dodge/microfrontend-d-c/packages/container/src/components/ProfileData.js","statementMap":{"0":{"start":{"line":6,"column":27},"end":{"line":15,"column":1}},"1":{"start":{"line":7,"column":4},"end":{"line":14,"column":6}}},"fnMap":{"0":{"name":"(anonymous_0)","decl":{"start":{"line":6,"column":27},"end":{"line":6,"column":28}},"loc":{"start":{"line":6,"column":38},"end":{"line":15,"column":1}},"line":6}},"branchMap":{},"s":{"0":0,"1":0},"f":{"0":0},"b":{}}
,"/Users/dhas/Documents/office/dodge/microfrontend-d-c/packages/container/src/components/Progress.js": {"path":"/Users/dhas/Documents/office/dodge/microfrontend-d-c/packages/container/src/components/Progress.js","statementMap":{"0":{"start":{"line":6,"column":2},"end":{"line":10,"column":4}}},"fnMap":{"0":{"name":"LinearIndeterminate","decl":{"start":{"line":5,"column":24},"end":{"line":5,"column":43}},"loc":{"start":{"line":5,"column":46},"end":{"line":11,"column":1}},"line":5}},"branchMap":{},"s":{"0":0},"f":{"0":0},"b":{}}
,"/Users/dhas/Documents/office/dodge/microfrontend-d-c/packages/container/src/components/WelcomeName.js": {"path":"/Users/dhas/Documents/office/dodge/microfrontend-d-c/packages/container/src/components/WelcomeName.js","statementMap":{"0":{"start":{"line":6,"column":27},"end":{"line":20,"column":1}},"1":{"start":{"line":7,"column":28},"end":{"line":7,"column":48}},"2":{"start":{"line":8,"column":25},"end":{"line":8,"column":34}},"3":{"start":{"line":9,"column":36},"end":{"line":9,"column":48}},"4":{"start":{"line":11,"column":4},"end":{"line":17,"column":36}},"5":{"start":{"line":12,"column":31},"end":{"line":12,"column":59}},"6":{"start":{"line":14,"column":8},"end":{"line":16,"column":9}},"7":{"start":{"line":15,"column":12},"end":{"line":15,"column":46}},"8":{"start":{"line":19,"column":4},"end":{"line":19,"column":69}}},"fnMap":{"0":{"name":"(anonymous_0)","decl":{"start":{"line":6,"column":27},"end":{"line":6,"column":28}},"loc":{"start":{"line":6,"column":33},"end":{"line":20,"column":1}},"line":6},"1":{"name":"(anonymous_1)","decl":{"start":{"line":11,"column":14},"end":{"line":11,"column":15}},"loc":{"start":{"line":11,"column":20},"end":{"line":17,"column":5}},"line":11}},"branchMap":{"0":{"loc":{"start":{"line":14,"column":8},"end":{"line":16,"column":9}},"type":"if","locations":[{"start":{"line":14,"column":8},"end":{"line":16,"column":9}},{"start":{},"end":{}}],"line":14}},"s":{"0":0,"1":0,"2":0,"3":0,"4":0,"5":0,"6":0,"7":0,"8":0},"f":{"0":0,"1":0},"b":{"0":[0,0]}}
,"/Users/dhas/Documents/office/dodge/microfrontend-d-c/packages/container/src/components/apps/AccountsApp.js": {"path":"/Users/dhas/Documents/office/dodge/microfrontend-d-c/packages/container/src/components/apps/AccountsApp.js","statementMap":{"0":{"start":{"line":6,"column":14},"end":{"line":6,"column":26}},"1":{"start":{"line":7,"column":18},"end":{"line":7,"column":30}},"2":{"start":{"line":9,"column":2},"end":{"line":24,"column":9}},"3":{"start":{"line":10,"column":33},"end":{"line":21,"column":6}},"4":{"start":{"line":13,"column":29},"end":{"line":13,"column":45}},"5":{"start":{"line":15,"column":8},"end":{"line":17,"column":9}},"6":{"start":{"line":16,"column":10},"end":{"line":16,"column":37}},"7":{"start":{"line":23,"column":4},"end":{"line":23,"column":37}},"8":{"start":{"line":26,"column":2},"end":{"line":26,"column":27}}},"fnMap":{"0":{"name":"(anonymous_0)","decl":{"start":{"line":5,"column":15},"end":{"line":5,"column":16}},"loc":{"start":{"line":5,"column":42},"end":{"line":27,"column":1}},"line":5},"1":{"name":"(anonymous_1)","decl":{"start":{"line":9,"column":12},"end":{"line":9,"column":13}},"loc":{"start":{"line":9,"column":18},"end":{"line":24,"column":3}},"line":9},"2":{"name":"(anonymous_2)","decl":{"start":{"line":12,"column":18},"end":{"line":12,"column":19}},"loc":{"start":{"line":12,"column":50},"end":{"line":18,"column":7}},"line":12}},"branchMap":{"0":{"loc":{"start":{"line":15,"column":8},"end":{"line":17,"column":9}},"type":"if","locations":[{"start":{"line":15,"column":8},"end":{"line":17,"column":9}},{"start":{},"end":{}}],"line":15}},"s":{"0":0,"1":0,"2":0,"3":0,"4":0,"5":0,"6":0,"7":0,"8":0},"f":{"0":0,"1":0,"2":0},"b":{"0":[0,0]}}
,"/Users/dhas/Documents/office/dodge/microfrontend-d-c/packages/container/src/components/apps/AuthApp.js": {"path":"/Users/dhas/Documents/office/dodge/microfrontend-d-c/packages/container/src/components/apps/AuthApp.js","statementMap":{"0":{"start":{"line":6,"column":14},"end":{"line":6,"column":26}},"1":{"start":{"line":7,"column":18},"end":{"line":7,"column":30}},"2":{"start":{"line":9,"column":2},"end":{"line":23,"column":9}},"3":{"start":{"line":10,"column":33},"end":{"line":20,"column":6}},"4":{"start":{"line":13,"column":29},"end":{"line":13,"column":45}},"5":{"start":{"line":15,"column":8},"end":{"line":17,"column":9}},"6":{"start":{"line":16,"column":10},"end":{"line":16,"column":37}},"7":{"start":{"line":22,"column":4},"end":{"line":22,"column":37}},"8":{"start":{"line":25,"column":2},"end":{"line":25,"column":27}}},"fnMap":{"0":{"name":"(anonymous_0)","decl":{"start":{"line":5,"column":15},"end":{"line":5,"column":16}},"loc":{"start":{"line":5,"column":33},"end":{"line":26,"column":1}},"line":5},"1":{"name":"(anonymous_1)","decl":{"start":{"line":9,"column":12},"end":{"line":9,"column":13}},"loc":{"start":{"line":9,"column":18},"end":{"line":23,"column":3}},"line":9},"2":{"name":"(anonymous_2)","decl":{"start":{"line":12,"column":18},"end":{"line":12,"column":19}},"loc":{"start":{"line":12,"column":50},"end":{"line":18,"column":7}},"line":12}},"branchMap":{"0":{"loc":{"start":{"line":15,"column":8},"end":{"line":17,"column":9}},"type":"if","locations":[{"start":{"line":15,"column":8},"end":{"line":17,"column":9}},{"start":{},"end":{}}],"line":15}},"s":{"0":0,"1":0,"2":0,"3":0,"4":0,"5":0,"6":0,"7":0,"8":0},"f":{"0":0,"1":0,"2":0},"b":{"0":[0,0]}}
,"/Users/dhas/Documents/office/dodge/microfrontend-d-c/packages/container/src/components/apps/DashboardApp.js": {"path":"/Users/dhas/Documents/office/dodge/microfrontend-d-c/packages/container/src/components/apps/DashboardApp.js","statementMap":{"0":{"start":{"line":5,"column":14},"end":{"line":5,"column":26}},"1":{"start":{"line":7,"column":2},"end":{"line":9,"column":9}},"2":{"start":{"line":8,"column":4},"end":{"line":8,"column":23}},"3":{"start":{"line":11,"column":2},"end":{"line":11,"column":27}}},"fnMap":{"0":{"name":"(anonymous_0)","decl":{"start":{"line":4,"column":15},"end":{"line":4,"column":16}},"loc":{"start":{"line":4,"column":21},"end":{"line":12,"column":1}},"line":4},"1":{"name":"(anonymous_1)","decl":{"start":{"line":7,"column":12},"end":{"line":7,"column":13}},"loc":{"start":{"line":7,"column":18},"end":{"line":9,"column":3}},"line":7}},"branchMap":{},"s":{"0":0,"1":0,"2":0,"3":0},"f":{"0":0,"1":0},"b":{}}
,"/Users/dhas/Documents/office/dodge/microfrontend-d-c/packages/container/src/components/apps/MarketingApp.js": {"path":"/Users/dhas/Documents/office/dodge/microfrontend-d-c/packages/container/src/components/apps/MarketingApp.js","statementMap":{"0":{"start":{"line":6,"column":14},"end":{"line":6,"column":26}},"1":{"start":{"line":7,"column":18},"end":{"line":7,"column":30}},"2":{"start":{"line":9,"column":2},"end":{"line":24,"column":9}},"3":{"start":{"line":11,"column":4},"end":{"line":11,"column":31}},"4":{"start":{"line":12,"column":33},"end":{"line":21,"column":6}},"5":{"start":{"line":15,"column":29},"end":{"line":15,"column":45}},"6":{"start":{"line":17,"column":8},"end":{"line":19,"column":9}},"7":{"start":{"line":18,"column":10},"end":{"line":18,"column":37}},"8":{"start":{"line":23,"column":4},"end":{"line":23,"column":37}},"9":{"start":{"line":26,"column":2},"end":{"line":26,"column":27}}},"fnMap":{"0":{"name":"(anonymous_0)","decl":{"start":{"line":5,"column":15},"end":{"line":5,"column":16}},"loc":{"start":{"line":5,"column":21},"end":{"line":27,"column":1}},"line":5},"1":{"name":"(anonymous_1)","decl":{"start":{"line":9,"column":12},"end":{"line":9,"column":13}},"loc":{"start":{"line":9,"column":18},"end":{"line":24,"column":3}},"line":9},"2":{"name":"(anonymous_2)","decl":{"start":{"line":14,"column":18},"end":{"line":14,"column":19}},"loc":{"start":{"line":14,"column":50},"end":{"line":20,"column":7}},"line":14}},"branchMap":{"0":{"loc":{"start":{"line":17,"column":8},"end":{"line":19,"column":9}},"type":"if","locations":[{"start":{"line":17,"column":8},"end":{"line":19,"column":9}},{"start":{},"end":{}}],"line":17}},"s":{"0":0,"1":0,"2":0,"3":0,"4":0,"5":0,"6":0,"7":0,"8":0,"9":0},"f":{"0":0,"1":0,"2":0},"b":{"0":[0,0]}}
,"/Users/dhas/Documents/office/dodge/microfrontend-d-c/packages/container/src/components/apps/SecuritiesApp.js": {"path":"/Users/dhas/Documents/office/dodge/microfrontend-d-c/packages/container/src/components/apps/SecuritiesApp.js","statementMap":{"0":{"start":{"line":6,"column":14},"end":{"line":6,"column":26}},"1":{"start":{"line":7,"column":18},"end":{"line":7,"column":30}},"2":{"start":{"line":9,"column":2},"end":{"line":24,"column":9}},"3":{"start":{"line":10,"column":33},"end":{"line":21,"column":6}},"4":{"start":{"line":13,"column":29},"end":{"line":13,"column":45}},"5":{"start":{"line":15,"column":8},"end":{"line":17,"column":9}},"6":{"start":{"line":16,"column":10},"end":{"line":16,"column":37}},"7":{"start":{"line":23,"column":4},"end":{"line":23,"column":37}},"8":{"start":{"line":26,"column":2},"end":{"line":26,"column":27}}},"fnMap":{"0":{"name":"(anonymous_0)","decl":{"start":{"line":5,"column":15},"end":{"line":5,"column":16}},"loc":{"start":{"line":5,"column":42},"end":{"line":27,"column":1}},"line":5},"1":{"name":"(anonymous_1)","decl":{"start":{"line":9,"column":12},"end":{"line":9,"column":13}},"loc":{"start":{"line":9,"column":18},"end":{"line":24,"column":3}},"line":9},"2":{"name":"(anonymous_2)","decl":{"start":{"line":12,"column":18},"end":{"line":12,"column":19}},"loc":{"start":{"line":12,"column":50},"end":{"line":18,"column":7}},"line":12}},"branchMap":{"0":{"loc":{"start":{"line":15,"column":8},"end":{"line":17,"column":9}},"type":"if","locations":[{"start":{"line":15,"column":8},"end":{"line":17,"column":9}},{"start":{},"end":{}}],"line":15}},"s":{"0":0,"1":0,"2":0,"3":0,"4":0,"5":0,"6":0,"7":0,"8":0},"f":{"0":0,"1":0,"2":0},"b":{"0":[0,0]}}
,"/Users/dhas/Documents/office/dodge/microfrontend-d-c/packages/container/src/components/apps/SidebarApp.js": {"path":"/Users/dhas/Documents/office/dodge/microfrontend-d-c/packages/container/src/components/apps/SidebarApp.js","statementMap":{"0":{"start":{"line":6,"column":14},"end":{"line":6,"column":26}},"1":{"start":{"line":7,"column":18},"end":{"line":7,"column":30}},"2":{"start":{"line":9,"column":2},"end":{"line":22,"column":9}},"3":{"start":{"line":10,"column":33},"end":{"line":19,"column":6}},"4":{"start":{"line":13,"column":29},"end":{"line":13,"column":45}},"5":{"start":{"line":15,"column":8},"end":{"line":17,"column":9}},"6":{"start":{"line":16,"column":10},"end":{"line":16,"column":37}},"7":{"start":{"line":21,"column":4},"end":{"line":21,"column":37}},"8":{"start":{"line":24,"column":2},"end":{"line":24,"column":27}}},"fnMap":{"0":{"name":"(anonymous_0)","decl":{"start":{"line":5,"column":15},"end":{"line":5,"column":16}},"loc":{"start":{"line":5,"column":21},"end":{"line":25,"column":1}},"line":5},"1":{"name":"(anonymous_1)","decl":{"start":{"line":9,"column":12},"end":{"line":9,"column":13}},"loc":{"start":{"line":9,"column":18},"end":{"line":22,"column":3}},"line":9},"2":{"name":"(anonymous_2)","decl":{"start":{"line":12,"column":18},"end":{"line":12,"column":19}},"loc":{"start":{"line":12,"column":50},"end":{"line":18,"column":7}},"line":12}},"branchMap":{"0":{"loc":{"start":{"line":15,"column":8},"end":{"line":17,"column":9}},"type":"if","locations":[{"start":{"line":15,"column":8},"end":{"line":17,"column":9}},{"start":{},"end":{}}],"line":15}},"s":{"0":0,"1":0,"2":0,"3":0,"4":0,"5":0,"6":0,"7":0,"8":0},"f":{"0":0,"1":0,"2":0},"b":{"0":[0,0]}}
,"/Users/dhas/Documents/office/dodge/microfrontend-d-c/packages/container/src/components/button/button.jsx": {"path":"/Users/dhas/Documents/office/dodge/microfrontend-d-c/packages/container/src/components/button/button.jsx","statementMap":{"0":{"start":{"line":6,"column":2},"end":{"line":10,"column":4}}},"fnMap":{"0":{"name":"ButtonComponent","decl":{"start":{"line":5,"column":9},"end":{"line":5,"column":24}},"loc":{"start":{"line":5,"column":42},"end":{"line":11,"column":1}},"line":5}},"branchMap":{},"s":{"0":1},"f":{"0":1},"b":{},"_coverageSchema":"1a1c01bbd47fc00a2c39e90264f33305004495a9","hash":"8a5af3742ea4f65e26d69900ad8214a51f94179e"}
,"/Users/dhas/Documents/office/dodge/microfrontend-d-c/packages/container/src/components/button/storybook/button.stories.jsx": {"path":"/Users/dhas/Documents/office/dodge/microfrontend-d-c/packages/container/src/components/button/storybook/button.stories.jsx","statementMap":{"0":{"start":{"line":10,"column":17},"end":{"line":10,"column":47}},"1":{"start":{"line":10,"column":27},"end":{"line":10,"column":47}},"2":{"start":{"line":12,"column":26},"end":{"line":12,"column":43}},"3":{"start":{"line":14,"column":0},"end":{"line":17,"column":2}},"4":{"start":{"line":19,"column":23},"end":{"line":19,"column":40}},"5":{"start":{"line":20,"column":0},"end":{"line":23,"column":2}}},"fnMap":{"0":{"name":"(anonymous_0)","decl":{"start":{"line":10,"column":17},"end":{"line":10,"column":18}},"loc":{"start":{"line":10,"column":27},"end":{"line":10,"column":47}},"line":10}},"branchMap":{},"s":{"0":0,"1":0,"2":0,"3":0,"4":0,"5":0},"f":{"0":0},"b":{}}
,"/Users/dhas/Documents/office/dodge/microfrontend-d-c/packages/container/src/hooks/useToken.js": {"path":"/Users/dhas/Documents/office/dodge/microfrontend-d-c/packages/container/src/hooks/useToken.js","statementMap":{"0":{"start":{"line":6,"column":31},"end":{"line":6,"column":40}},"1":{"start":{"line":7,"column":28},"end":{"line":7,"column":42}},"2":{"start":{"line":9,"column":4},"end":{"line":19,"column":9}},"3":{"start":{"line":15,"column":8},"end":{"line":15,"column":39}},"4":{"start":{"line":18,"column":8},"end":{"line":18,"column":31}},"5":{"start":{"line":21,"column":2},"end":{"line":24,"column":9}},"6":{"start":{"line":22,"column":4},"end":{"line":22,"column":19}},"7":{"start":{"line":26,"column":2},"end":{"line":26,"column":15}}},"fnMap":{"0":{"name":"useTokenApi","decl":{"start":{"line":5,"column":9},"end":{"line":5,"column":20}},"loc":{"start":{"line":5,"column":23},"end":{"line":27,"column":1}},"line":5},"1":{"name":"callTokenApi","decl":{"start":{"line":8,"column":11},"end":{"line":8,"column":23}},"loc":{"start":{"line":8,"column":26},"end":{"line":20,"column":3}},"line":8},"2":{"name":"(anonymous_2)","decl":{"start":{"line":14,"column":12},"end":{"line":14,"column":13}},"loc":{"start":{"line":14,"column":32},"end":{"line":16,"column":7}},"line":14},"3":{"name":"(anonymous_3)","decl":{"start":{"line":17,"column":13},"end":{"line":17,"column":14}},"loc":{"start":{"line":17,"column":22},"end":{"line":19,"column":7}},"line":17},"4":{"name":"(anonymous_4)","decl":{"start":{"line":21,"column":12},"end":{"line":21,"column":13}},"loc":{"start":{"line":21,"column":18},"end":{"line":24,"column":3}},"line":21}},"branchMap":{},"s":{"0":0,"1":0,"2":0,"3":0,"4":0,"5":0,"6":0,"7":0},"f":{"0":0,"1":0,"2":0,"3":0,"4":0},"b":{}}
,"/Users/dhas/Documents/office/dodge/microfrontend-d-c/packages/container/src/layout/accounts.js": {"path":"/Users/dhas/Documents/office/dodge/microfrontend-d-c/packages/container/src/layout/accounts.js","statementMap":{"0":{"start":{"line":8,"column":16},"end":{"line":8,"column":67}},"1":{"start":{"line":8,"column":27},"end":{"line":8,"column":66}},"2":{"start":{"line":9,"column":17},"end":{"line":9,"column":69}},"3":{"start":{"line":9,"column":28},"end":{"line":9,"column":68}},"4":{"start":{"line":11,"column":21},"end":{"line":41,"column":1}},"5":{"start":{"line":13,"column":18},"end":{"line":13,"column":30}},"6":{"start":{"line":14,"column":26},"end":{"line":14,"column":46}},"7":{"start":{"line":15,"column":23},"end":{"line":15,"column":32}},"8":{"start":{"line":17,"column":23},"end":{"line":24,"column":3}},"9":{"start":{"line":18,"column":4},"end":{"line":21,"column":7}},"10":{"start":{"line":22,"column":4},"end":{"line":22,"column":32}},"11":{"start":{"line":26,"column":2},"end":{"line":40,"column":4}}},"fnMap":{"0":{"name":"(anonymous_0)","decl":{"start":{"line":8,"column":21},"end":{"line":8,"column":22}},"loc":{"start":{"line":8,"column":27},"end":{"line":8,"column":66}},"line":8},"1":{"name":"(anonymous_1)","decl":{"start":{"line":9,"column":22},"end":{"line":9,"column":23}},"loc":{"start":{"line":9,"column":28},"end":{"line":9,"column":68}},"line":9},"2":{"name":"(anonymous_2)","decl":{"start":{"line":11,"column":21},"end":{"line":11,"column":22}},"loc":{"start":{"line":11,"column":38},"end":{"line":41,"column":1}},"line":11},"3":{"name":"(anonymous_3)","decl":{"start":{"line":17,"column":23},"end":{"line":17,"column":24}},"loc":{"start":{"line":17,"column":35},"end":{"line":24,"column":3}},"line":17},"4":{"name":"(anonymous_4)","decl":{"start":{"line":31,"column":75},"end":{"line":31,"column":76}},"loc":{"start":{"line":31,"column":81},"end":{"line":31,"column":84}},"line":31},"5":{"name":"(anonymous_5)","decl":{"start":{"line":36,"column":75},"end":{"line":36,"column":76}},"loc":{"start":{"line":36,"column":81},"end":{"line":36,"column":84}},"line":36}},"branchMap":{},"s":{"0":0,"1":0,"2":0,"3":0,"4":0,"5":0,"6":0,"7":0,"8":0,"9":0,"10":0,"11":0},"f":{"0":0,"1":0,"2":0,"3":0,"4":0,"5":0},"b":{}}
,"/Users/dhas/Documents/office/dodge/microfrontend-d-c/packages/container/src/layout/dashboard.js": {"path":"/Users/dhas/Documents/office/dodge/microfrontend-d-c/packages/container/src/layout/dashboard.js","statementMap":{"0":{"start":{"line":8,"column":16},"end":{"line":8,"column":67}},"1":{"start":{"line":8,"column":27},"end":{"line":8,"column":66}},"2":{"start":{"line":9,"column":18},"end":{"line":9,"column":71}},"3":{"start":{"line":9,"column":29},"end":{"line":9,"column":70}},"4":{"start":{"line":11,"column":22},"end":{"line":41,"column":1}},"5":{"start":{"line":13,"column":18},"end":{"line":13,"column":30}},"6":{"start":{"line":14,"column":26},"end":{"line":14,"column":46}},"7":{"start":{"line":15,"column":23},"end":{"line":15,"column":32}},"8":{"start":{"line":17,"column":23},"end":{"line":24,"column":3}},"9":{"start":{"line":18,"column":4},"end":{"line":21,"column":7}},"10":{"start":{"line":22,"column":4},"end":{"line":22,"column":32}},"11":{"start":{"line":26,"column":2},"end":{"line":40,"column":4}}},"fnMap":{"0":{"name":"(anonymous_0)","decl":{"start":{"line":8,"column":21},"end":{"line":8,"column":22}},"loc":{"start":{"line":8,"column":27},"end":{"line":8,"column":66}},"line":8},"1":{"name":"(anonymous_1)","decl":{"start":{"line":9,"column":23},"end":{"line":9,"column":24}},"loc":{"start":{"line":9,"column":29},"end":{"line":9,"column":70}},"line":9},"2":{"name":"(anonymous_2)","decl":{"start":{"line":11,"column":22},"end":{"line":11,"column":23}},"loc":{"start":{"line":11,"column":39},"end":{"line":41,"column":1}},"line":11},"3":{"name":"(anonymous_3)","decl":{"start":{"line":17,"column":23},"end":{"line":17,"column":24}},"loc":{"start":{"line":17,"column":35},"end":{"line":24,"column":3}},"line":17},"4":{"name":"(anonymous_4)","decl":{"start":{"line":31,"column":75},"end":{"line":31,"column":76}},"loc":{"start":{"line":31,"column":81},"end":{"line":31,"column":84}},"line":31},"5":{"name":"(anonymous_5)","decl":{"start":{"line":36,"column":75},"end":{"line":36,"column":76}},"loc":{"start":{"line":36,"column":81},"end":{"line":36,"column":84}},"line":36}},"branchMap":{},"s":{"0":0,"1":0,"2":0,"3":0,"4":0,"5":0,"6":0,"7":0,"8":0,"9":0,"10":0,"11":0},"f":{"0":0,"1":0,"2":0,"3":0,"4":0,"5":0},"b":{}}
,"/Users/dhas/Documents/office/dodge/microfrontend-d-c/packages/container/src/layout/home.js": {"path":"/Users/dhas/Documents/office/dodge/microfrontend-d-c/packages/container/src/layout/home.js","statementMap":{"0":{"start":{"line":8,"column":16},"end":{"line":8,"column":67}},"1":{"start":{"line":8,"column":27},"end":{"line":8,"column":66}},"2":{"start":{"line":9,"column":13},"end":{"line":9,"column":66}},"3":{"start":{"line":9,"column":24},"end":{"line":9,"column":65}},"4":{"start":{"line":11,"column":17},"end":{"line":41,"column":1}},"5":{"start":{"line":13,"column":18},"end":{"line":13,"column":30}},"6":{"start":{"line":14,"column":26},"end":{"line":14,"column":46}},"7":{"start":{"line":15,"column":23},"end":{"line":15,"column":32}},"8":{"start":{"line":17,"column":23},"end":{"line":24,"column":3}},"9":{"start":{"line":18,"column":4},"end":{"line":21,"column":7}},"10":{"start":{"line":22,"column":4},"end":{"line":22,"column":32}},"11":{"start":{"line":26,"column":2},"end":{"line":40,"column":4}}},"fnMap":{"0":{"name":"(anonymous_0)","decl":{"start":{"line":8,"column":21},"end":{"line":8,"column":22}},"loc":{"start":{"line":8,"column":27},"end":{"line":8,"column":66}},"line":8},"1":{"name":"(anonymous_1)","decl":{"start":{"line":9,"column":18},"end":{"line":9,"column":19}},"loc":{"start":{"line":9,"column":24},"end":{"line":9,"column":65}},"line":9},"2":{"name":"(anonymous_2)","decl":{"start":{"line":11,"column":17},"end":{"line":11,"column":18}},"loc":{"start":{"line":11,"column":34},"end":{"line":41,"column":1}},"line":11},"3":{"name":"(anonymous_3)","decl":{"start":{"line":17,"column":23},"end":{"line":17,"column":24}},"loc":{"start":{"line":17,"column":35},"end":{"line":24,"column":3}},"line":17},"4":{"name":"(anonymous_4)","decl":{"start":{"line":31,"column":75},"end":{"line":31,"column":76}},"loc":{"start":{"line":31,"column":81},"end":{"line":31,"column":84}},"line":31},"5":{"name":"(anonymous_5)","decl":{"start":{"line":36,"column":75},"end":{"line":36,"column":76}},"loc":{"start":{"line":36,"column":81},"end":{"line":36,"column":84}},"line":36}},"branchMap":{},"s":{"0":0,"1":0,"2":0,"3":0,"4":0,"5":0,"6":0,"7":0,"8":0,"9":0,"10":0,"11":0},"f":{"0":0,"1":0,"2":0,"3":0,"4":0,"5":0},"b":{}}
,"/Users/dhas/Documents/office/dodge/microfrontend-d-c/packages/container/src/layout/index.js": {"path":"/Users/dhas/Documents/office/dodge/microfrontend-d-c/packages/container/src/layout/index.js","statementMap":{"0":{"start":{"line":5,"column":16},"end":{"line":5,"column":67}},"1":{"start":{"line":5,"column":27},"end":{"line":5,"column":66}},"2":{"start":{"line":9,"column":15},"end":{"line":39,"column":1}},"3":{"start":{"line":11,"column":18},"end":{"line":11,"column":30}},"4":{"start":{"line":12,"column":26},"end":{"line":12,"column":46}},"5":{"start":{"line":13,"column":23},"end":{"line":13,"column":32}},"6":{"start":{"line":15,"column":23},"end":{"line":22,"column":3}},"7":{"start":{"line":16,"column":4},"end":{"line":19,"column":7}},"8":{"start":{"line":20,"column":4},"end":{"line":20,"column":32}},"9":{"start":{"line":24,"column":2},"end":{"line":38,"column":4}}},"fnMap":{"0":{"name":"(anonymous_0)","decl":{"start":{"line":5,"column":21},"end":{"line":5,"column":22}},"loc":{"start":{"line":5,"column":27},"end":{"line":5,"column":66}},"line":5},"1":{"name":"(anonymous_1)","decl":{"start":{"line":9,"column":15},"end":{"line":9,"column":16}},"loc":{"start":{"line":9,"column":33},"end":{"line":39,"column":1}},"line":9},"2":{"name":"(anonymous_2)","decl":{"start":{"line":15,"column":23},"end":{"line":15,"column":24}},"loc":{"start":{"line":15,"column":35},"end":{"line":22,"column":3}},"line":15},"3":{"name":"(anonymous_3)","decl":{"start":{"line":29,"column":75},"end":{"line":29,"column":76}},"loc":{"start":{"line":29,"column":81},"end":{"line":29,"column":84}},"line":29},"4":{"name":"(anonymous_4)","decl":{"start":{"line":34,"column":75},"end":{"line":34,"column":76}},"loc":{"start":{"line":34,"column":81},"end":{"line":34,"column":84}},"line":34}},"branchMap":{},"s":{"0":0,"1":0,"2":0,"3":0,"4":0,"5":0,"6":0,"7":0,"8":0,"9":0},"f":{"0":0,"1":0,"2":0,"3":0,"4":0},"b":{}}
,"/Users/dhas/Documents/office/dodge/microfrontend-d-c/packages/container/src/layout/profile.js": {"path":"/Users/dhas/Documents/office/dodge/microfrontend-d-c/packages/container/src/layout/profile.js","statementMap":{"0":{"start":{"line":8,"column":16},"end":{"line":8,"column":67}},"1":{"start":{"line":8,"column":27},"end":{"line":8,"column":66}},"2":{"start":{"line":9,"column":16},"end":{"line":9,"column":59}},"3":{"start":{"line":9,"column":27},"end":{"line":9,"column":58}},"4":{"start":{"line":11,"column":20},"end":{"line":41,"column":1}},"5":{"start":{"line":13,"column":18},"end":{"line":13,"column":30}},"6":{"start":{"line":14,"column":26},"end":{"line":14,"column":46}},"7":{"start":{"line":15,"column":23},"end":{"line":15,"column":32}},"8":{"start":{"line":17,"column":23},"end":{"line":24,"column":3}},"9":{"start":{"line":18,"column":4},"end":{"line":21,"column":7}},"10":{"start":{"line":22,"column":4},"end":{"line":22,"column":32}},"11":{"start":{"line":26,"column":2},"end":{"line":40,"column":4}}},"fnMap":{"0":{"name":"(anonymous_0)","decl":{"start":{"line":8,"column":21},"end":{"line":8,"column":22}},"loc":{"start":{"line":8,"column":27},"end":{"line":8,"column":66}},"line":8},"1":{"name":"(anonymous_1)","decl":{"start":{"line":9,"column":21},"end":{"line":9,"column":22}},"loc":{"start":{"line":9,"column":27},"end":{"line":9,"column":58}},"line":9},"2":{"name":"(anonymous_2)","decl":{"start":{"line":11,"column":20},"end":{"line":11,"column":21}},"loc":{"start":{"line":11,"column":37},"end":{"line":41,"column":1}},"line":11},"3":{"name":"(anonymous_3)","decl":{"start":{"line":17,"column":23},"end":{"line":17,"column":24}},"loc":{"start":{"line":17,"column":35},"end":{"line":24,"column":3}},"line":17},"4":{"name":"(anonymous_4)","decl":{"start":{"line":31,"column":75},"end":{"line":31,"column":76}},"loc":{"start":{"line":31,"column":81},"end":{"line":31,"column":84}},"line":31},"5":{"name":"(anonymous_5)","decl":{"start":{"line":36,"column":75},"end":{"line":36,"column":76}},"loc":{"start":{"line":36,"column":81},"end":{"line":36,"column":84}},"line":36}},"branchMap":{},"s":{"0":0,"1":0,"2":0,"3":0,"4":0,"5":0,"6":0,"7":0,"8":0,"9":0,"10":0,"11":0},"f":{"0":0,"1":0,"2":0,"3":0,"4":0,"5":0},"b":{}}
,"/Users/dhas/Documents/office/dodge/microfrontend-d-c/packages/container/src/layout/securities.js": {"path":"/Users/dhas/Documents/office/dodge/microfrontend-d-c/packages/container/src/layout/securities.js","statementMap":{"0":{"start":{"line":8,"column":16},"end":{"line":8,"column":67}},"1":{"start":{"line":8,"column":27},"end":{"line":8,"column":66}},"2":{"start":{"line":9,"column":19},"end":{"line":9,"column":73}},"3":{"start":{"line":9,"column":30},"end":{"line":9,"column":72}},"4":{"start":{"line":11,"column":23},"end":{"line":42,"column":1}},"5":{"start":{"line":13,"column":18},"end":{"line":13,"column":30}},"6":{"start":{"line":14,"column":26},"end":{"line":14,"column":46}},"7":{"start":{"line":15,"column":23},"end":{"line":15,"column":32}},"8":{"start":{"line":17,"column":23},"end":{"line":25,"column":3}},"9":{"start":{"line":19,"column":4},"end":{"line":22,"column":7}},"10":{"start":{"line":23,"column":4},"end":{"line":23,"column":32}},"11":{"start":{"line":27,"column":2},"end":{"line":41,"column":4}}},"fnMap":{"0":{"name":"(anonymous_0)","decl":{"start":{"line":8,"column":21},"end":{"line":8,"column":22}},"loc":{"start":{"line":8,"column":27},"end":{"line":8,"column":66}},"line":8},"1":{"name":"(anonymous_1)","decl":{"start":{"line":9,"column":24},"end":{"line":9,"column":25}},"loc":{"start":{"line":9,"column":30},"end":{"line":9,"column":72}},"line":9},"2":{"name":"(anonymous_2)","decl":{"start":{"line":11,"column":23},"end":{"line":11,"column":24}},"loc":{"start":{"line":11,"column":40},"end":{"line":42,"column":1}},"line":11},"3":{"name":"(anonymous_3)","decl":{"start":{"line":17,"column":23},"end":{"line":17,"column":24}},"loc":{"start":{"line":17,"column":35},"end":{"line":25,"column":3}},"line":17},"4":{"name":"(anonymous_4)","decl":{"start":{"line":32,"column":75},"end":{"line":32,"column":76}},"loc":{"start":{"line":32,"column":81},"end":{"line":32,"column":84}},"line":32},"5":{"name":"(anonymous_5)","decl":{"start":{"line":37,"column":75},"end":{"line":37,"column":76}},"loc":{"start":{"line":37,"column":81},"end":{"line":37,"column":84}},"line":37}},"branchMap":{},"s":{"0":0,"1":0,"2":0,"3":0,"4":0,"5":0,"6":0,"7":0,"8":0,"9":0,"10":0,"11":0},"f":{"0":0,"1":0,"2":0,"3":0,"4":0,"5":0},"b":{}}
,"/Users/dhas/Documents/office/dodge/microfrontend-d-c/packages/container/src/routes/adminRoute.js": {"path":"/Users/dhas/Documents/office/dodge/microfrontend-d-c/packages/container/src/routes/adminRoute.js","statementMap":{"0":{"start":{"line":10,"column":22},"end":{"line":10,"column":33}},"1":{"start":{"line":12,"column":28},"end":{"line":40,"column":3}},"2":{"start":{"line":13,"column":24},"end":{"line":13,"column":47}},"3":{"start":{"line":14,"column":41},"end":{"line":14,"column":52}},"4":{"start":{"line":16,"column":87},"end":{"line":16,"column":92}},"5":{"start":{"line":18,"column":4},"end":{"line":18,"column":32}},"6":{"start":{"line":18,"column":20},"end":{"line":18,"column":32}},"7":{"start":{"line":20,"column":4},"end":{"line":39,"column":5}},"8":{"start":{"line":25,"column":10},"end":{"line":36,"column":11}}},"fnMap":{"0":{"name":"(anonymous_0)","decl":{"start":{"line":12,"column":28},"end":{"line":12,"column":29}},"loc":{"start":{"line":12,"column":37},"end":{"line":40,"column":3}},"line":12},"1":{"name":"(anonymous_1)","decl":{"start":{"line":24,"column":16},"end":{"line":24,"column":17}},"loc":{"start":{"line":25,"column":10},"end":{"line":36,"column":11}},"line":25}},"branchMap":{"0":{"loc":{"start":{"line":18,"column":4},"end":{"line":18,"column":32}},"type":"if","locations":[{"start":{"line":18,"column":4},"end":{"line":18,"column":32}},{"start":{},"end":{}}],"line":18},"1":{"loc":{"start":{"line":25,"column":10},"end":{"line":36,"column":11}},"type":"cond-expr","locations":[{"start":{"line":26,"column":12},"end":{"line":28,"column":21}},{"start":{"line":30,"column":12},"end":{"line":35,"column":14}}],"line":25},"2":{"loc":{"start":{"line":25,"column":10},"end":{"line":25,"column":56}},"type":"binary-expr","locations":[{"start":{"line":25,"column":10},"end":{"line":25,"column":25}},{"start":{"line":25,"column":29},"end":{"line":25,"column":56}}],"line":25}},"s":{"0":0,"1":0,"2":0,"3":0,"4":0,"5":0,"6":0,"7":0,"8":0},"f":{"0":0,"1":0},"b":{"0":[0,0],"1":[0,0],"2":[0,0]}}
,"/Users/dhas/Documents/office/dodge/microfrontend-d-c/packages/container/src/routes/privateRoute.js": {"path":"/Users/dhas/Documents/office/dodge/microfrontend-d-c/packages/container/src/routes/privateRoute.js","statementMap":{"0":{"start":{"line":8,"column":28},"end":{"line":42,"column":1}},"1":{"start":{"line":16,"column":6},"end":{"line":16,"column":11}},"2":{"start":{"line":19,"column":2},"end":{"line":19,"column":30}},"3":{"start":{"line":19,"column":18},"end":{"line":19,"column":30}},"4":{"start":{"line":21,"column":2},"end":{"line":41,"column":4}},"5":{"start":{"line":26,"column":8},"end":{"line":38,"column":11}}},"fnMap":{"0":{"name":"(anonymous_0)","decl":{"start":{"line":8,"column":28},"end":{"line":8,"column":29}},"loc":{"start":{"line":8,"column":39},"end":{"line":42,"column":1}},"line":8},"1":{"name":"(anonymous_1)","decl":{"start":{"line":25,"column":14},"end":{"line":25,"column":15}},"loc":{"start":{"line":26,"column":8},"end":{"line":38,"column":11}},"line":26}},"branchMap":{"0":{"loc":{"start":{"line":19,"column":2},"end":{"line":19,"column":30}},"type":"if","locations":[{"start":{"line":19,"column":2},"end":{"line":19,"column":30}},{"start":{},"end":{}}],"line":19}},"s":{"0":0,"1":0,"2":0,"3":0,"4":0,"5":0},"f":{"0":0,"1":0},"b":{"0":[0,0]}}
,"/Users/dhas/Documents/office/dodge/microfrontend-d-c/packages/container/src/routes/publicRoute.js": {"path":"/Users/dhas/Documents/office/dodge/microfrontend-d-c/packages/container/src/routes/publicRoute.js","statementMap":{"0":{"start":{"line":8,"column":27},"end":{"line":39,"column":1}},"1":{"start":{"line":14,"column":6},"end":{"line":14,"column":11}},"2":{"start":{"line":16,"column":2},"end":{"line":16,"column":30}},"3":{"start":{"line":16,"column":18},"end":{"line":16,"column":30}},"4":{"start":{"line":18,"column":2},"end":{"line":38,"column":4}},"5":{"start":{"line":23,"column":8},"end":{"line":35,"column":11}}},"fnMap":{"0":{"name":"(anonymous_0)","decl":{"start":{"line":8,"column":27},"end":{"line":8,"column":28}},"loc":{"start":{"line":8,"column":38},"end":{"line":39,"column":1}},"line":8},"1":{"name":"(anonymous_1)","decl":{"start":{"line":22,"column":14},"end":{"line":22,"column":15}},"loc":{"start":{"line":23,"column":8},"end":{"line":35,"column":11}},"line":23}},"branchMap":{"0":{"loc":{"start":{"line":16,"column":2},"end":{"line":16,"column":30}},"type":"if","locations":[{"start":{"line":16,"column":2},"end":{"line":16,"column":30}},{"start":{},"end":{}}],"line":16}},"s":{"0":0,"1":0,"2":0,"3":0,"4":0,"5":0},"f":{"0":0,"1":0},"b":{"0":[0,0]}}
,"/Users/dhas/Documents/office/dodge/microfrontend-d-c/packages/container/src/utils/axios.js": {"path":"/Users/dhas/Documents/office/dodge/microfrontend-d-c/packages/container/src/utils/axios.js","statementMap":{"0":{"start":{"line":3,"column":21},"end":{"line":9,"column":1}},"1":{"start":{"line":4,"column":2},"end":{"line":8,"column":3}},"2":{"start":{"line":5,"column":4},"end":{"line":5,"column":58}},"3":{"start":{"line":7,"column":4},"end":{"line":7,"column":57}}},"fnMap":{"0":{"name":"(anonymous_0)","decl":{"start":{"line":3,"column":21},"end":{"line":3,"column":22}},"loc":{"start":{"line":3,"column":30},"end":{"line":9,"column":1}},"line":3}},"branchMap":{"0":{"loc":{"start":{"line":4,"column":2},"end":{"line":8,"column":3}},"type":"if","locations":[{"start":{"line":4,"column":2},"end":{"line":8,"column":3}},{"start":{"line":6,"column":9},"end":{"line":8,"column":3}}],"line":4}},"s":{"0":0,"1":0,"2":0,"3":0},"f":{"0":0},"b":{"0":[0,0]}}
,"/Users/dhas/Documents/office/dodge/microfrontend-d-c/packages/container/src/utils/fetch.js": {"path":"/Users/dhas/Documents/office/dodge/microfrontend-d-c/packages/container/src/utils/fetch.js","statementMap":{"0":{"start":{"line":7,"column":20},"end":{"line":7,"column":33}},"1":{"start":{"line":8,"column":19},"end":{"line":8,"column":42}},"2":{"start":{"line":10,"column":4},"end":{"line":10,"column":44}},"3":{"start":{"line":12,"column":20},"end":{"line":15,"column":5}},"4":{"start":{"line":17,"column":4},"end":{"line":19,"column":44}},"5":{"start":{"line":18,"column":26},"end":{"line":18,"column":41}},"6":{"start":{"line":19,"column":24},"end":{"line":19,"column":42}}},"fnMap":{"0":{"name":"callMsGraph","decl":{"start":{"line":6,"column":22},"end":{"line":6,"column":33}},"loc":{"start":{"line":6,"column":47},"end":{"line":20,"column":1}},"line":6},"1":{"name":"(anonymous_1)","decl":{"start":{"line":18,"column":14},"end":{"line":18,"column":15}},"loc":{"start":{"line":18,"column":26},"end":{"line":18,"column":41}},"line":18},"2":{"name":"(anonymous_2)","decl":{"start":{"line":19,"column":15},"end":{"line":19,"column":16}},"loc":{"start":{"line":19,"column":24},"end":{"line":19,"column":42}},"line":19}},"branchMap":{},"s":{"0":0,"1":0,"2":0,"3":0,"4":0,"5":0,"6":0},"f":{"0":0,"1":0,"2":0},"b":{}}
}
