{"/Users/dhas/Documents/office/dodge/microfrontend-d-c/packages/container/src/components/Form.js": {"path":"/Users/dhas/Documents/office/dodge/microfrontend-d-c/packages/container/src/components/Form.js","statementMap":{"0":{"start":{"line":27,"column":2},"end":{"line":238,"column":4}},"1":{"start":{"line":81,"column":16},"end":{"line":90,"column":18}},"2":{"start":{"line":146,"column":16},"end":{"line":155,"column":18}},"3":{"start":{"line":208,"column":22},"end":{"line":208,"column":67}},"4":{"start":{"line":208,"column":61},"end":{"line":208,"column":66}}},"fnMap":{"0":{"name":"ModalForm","decl":{"start":{"line":15,"column":24},"end":{"line":15,"column":33}},"loc":{"start":{"line":24,"column":3},"end":{"line":239,"column":1}},"line":24},"1":{"name":"(anonymous_1)","decl":{"start":{"line":76,"column":22},"end":{"line":76,"column":23}},"loc":{"start":{"line":81,"column":16},"end":{"line":90,"column":18}},"line":81},"2":{"name":"(anonymous_2)","decl":{"start":{"line":141,"column":22},"end":{"line":141,"column":23}},"loc":{"start":{"line":146,"column":16},"end":{"line":155,"column":18}},"line":146},"3":{"name":"(anonymous_3)","decl":{"start":{"line":207,"column":30},"end":{"line":207,"column":31}},"loc":{"start":{"line":208,"column":22},"end":{"line":208,"column":67}},"line":208},"4":{"name":"(anonymous_4)","decl":{"start":{"line":208,"column":51},"end":{"line":208,"column":52}},"loc":{"start":{"line":208,"column":61},"end":{"line":208,"column":66}},"line":208}},"branchMap":{"0":{"loc":{"start":{"line":147,"column":30},"end":{"line":147,"column":58}},"type":"cond-expr","locations":[{"start":{"line":147,"column":38},"end":{"line":147,"column":51}},{"start":{"line":147,"column":54},"end":{"line":147,"column":58}}],"line":147}},"s":{"0":4,"1":0,"2":0,"3":0,"4":0},"f":{"0":4,"1":0,"2":0,"3":0,"4":0},"b":{"0":[0,0]},"_coverageSchema":"1a1c01bbd47fc00a2c39e90264f33305004495a9","hash":"ea19886a99f4351b7ad026fbd3ce532ace7d08ab"}
,"/Users/dhas/Documents/office/dodge/microfrontend-d-c/packages/container/src/components/GreetingText.js": {"path":"/Users/dhas/Documents/office/dodge/microfrontend-d-c/packages/container/src/components/GreetingText.js","statementMap":{"0":{"start":{"line":5,"column":21},"end":{"line":36,"column":1}},"1":{"start":{"line":6,"column":2},"end":{"line":35,"column":4}}},"fnMap":{"0":{"name":"(anonymous_0)","decl":{"start":{"line":5,"column":21},"end":{"line":5,"column":22}},"loc":{"start":{"line":5,"column":27},"end":{"line":36,"column":1}},"line":5}},"branchMap":{},"s":{"0":0,"1":0},"f":{"0":0},"b":{}}
,"/Users/dhas/Documents/office/dodge/microfrontend-d-c/packages/container/src/components/Input.js": {"path":"/Users/dhas/Documents/office/dodge/microfrontend-d-c/packages/container/src/components/Input.js","statementMap":{"0":{"start":{"line":6,"column":24},"end":{"line":14,"column":2}},"1":{"start":{"line":16,"column":23},"end":{"line":41,"column":1}},"2":{"start":{"line":18,"column":41},"end":{"line":18,"column":46}},"3":{"start":{"line":21,"column":6},"end":{"line":26,"column":7}},"4":{"start":{"line":23,"column":10},"end":{"line":23,"column":41}},"5":{"start":{"line":25,"column":10},"end":{"line":25,"column":16}},"6":{"start":{"line":29,"column":2},"end":{"line":40,"column":4}}},"fnMap":{"0":{"name":"(anonymous_0)","decl":{"start":{"line":16,"column":23},"end":{"line":16,"column":24}},"loc":{"start":{"line":16,"column":34},"end":{"line":41,"column":1}},"line":16},"1":{"name":"renderErrorMessage","decl":{"start":{"line":20,"column":13},"end":{"line":20,"column":31}},"loc":{"start":{"line":20,"column":39},"end":{"line":27,"column":5}},"line":20}},"branchMap":{"0":{"loc":{"start":{"line":21,"column":6},"end":{"line":26,"column":7}},"type":"switch","locations":[{"start":{"line":22,"column":8},"end":{"line":23,"column":41}},{"start":{"line":24,"column":8},"end":{"line":25,"column":16}}],"line":21},"1":{"loc":{"start":{"line":37,"column":10},"end":{"line":37,"column":134}},"type":"cond-expr","locations":[{"start":{"line":37,"column":29},"end":{"line":37,"column":127}},{"start":{"line":37,"column":130},"end":{"line":37,"column":134}}],"line":37},"2":{"loc":{"start":{"line":37,"column":57},"end":{"line":37,"column":79}},"type":"cond-expr","locations":[{"start":{"line":37,"column":65},"end":{"line":37,"column":74}},{"start":{"line":37,"column":77},"end":{"line":37,"column":79}}],"line":37}},"s":{"0":1,"1":1,"2":0,"3":0,"4":0,"5":0,"6":0},"f":{"0":0,"1":0},"b":{"0":[0,0],"1":[0,0],"2":[0,0]},"_coverageSchema":"1a1c01bbd47fc00a2c39e90264f33305004495a9","hash":"15cfdbbf1c163bb74a4062ba50087e80c1f04eb5"}
,"/Users/dhas/Documents/office/dodge/microfrontend-d-c/packages/container/src/components/Modal.js": {"path":"/Users/dhas/Documents/office/dodge/microfrontend-d-c/packages/container/src/components/Modal.js","statementMap":{"0":{"start":{"line":12,"column":24},"end":{"line":22,"column":3}},"1":{"start":{"line":12,"column":55},"end":{"line":22,"column":1}},"2":{"start":{"line":25,"column":42},"end":{"line":25,"column":47}},"3":{"start":{"line":27,"column":2},"end":{"line":51,"column":4}},"4":{"start":{"line":54,"column":0},"end":{"line":57,"column":2}},"5":{"start":{"line":65,"column":2},"end":{"line":92,"column":4}}},"fnMap":{"0":{"name":"(anonymous_0)","decl":{"start":{"line":12,"column":39},"end":{"line":12,"column":40}},"loc":{"start":{"line":12,"column":55},"end":{"line":22,"column":1}},"line":12},"1":{"name":"BootstrapDialogTitle","decl":{"start":{"line":24,"column":9},"end":{"line":24,"column":29}},"loc":{"start":{"line":24,"column":37},"end":{"line":52,"column":1}},"line":24},"2":{"name":"ModalComponent","decl":{"start":{"line":59,"column":24},"end":{"line":59,"column":38}},"loc":{"start":{"line":64,"column":3},"end":{"line":93,"column":1}},"line":64}},"branchMap":{"0":{"loc":{"start":{"line":33,"column":7},"end":{"line":49,"column":14}},"type":"cond-expr","locations":[{"start":{"line":34,"column":8},"end":{"line":48,"column":21}},{"start":{"line":49,"column":10},"end":{"line":49,"column":14}}],"line":33}},"s":{"0":0,"1":0,"2":0,"3":0,"4":0,"5":0},"f":{"0":0,"1":0,"2":0},"b":{"0":[0,0]}}
,"/Users/dhas/Documents/office/dodge/microfrontend-d-c/packages/container/src/components/Select.js": {"path":"/Users/dhas/Documents/office/dodge/microfrontend-d-c/packages/container/src/components/Select.js","statementMap":{"0":{"start":{"line":7,"column":24},"end":{"line":13,"column":2}},"1":{"start":{"line":22,"column":8},"end":{"line":22,"column":13}},"2":{"start":{"line":25,"column":2},"end":{"line":30,"column":3}},"3":{"start":{"line":27,"column":4},"end":{"line":27,"column":35}},"4":{"start":{"line":29,"column":4},"end":{"line":29,"column":10}},"5":{"start":{"line":33,"column":1},"end":{"line":50,"column":3}},"6":{"start":{"line":43,"column":5},"end":{"line":45,"column":16}}},"fnMap":{"0":{"name":"SelectBoxComponent","decl":{"start":{"line":15,"column":9},"end":{"line":15,"column":27}},"loc":{"start":{"line":15,"column":35},"end":{"line":51,"column":1}},"line":15},"1":{"name":"renderErrorMessage","decl":{"start":{"line":24,"column":10},"end":{"line":24,"column":28}},"loc":{"start":{"line":24,"column":36},"end":{"line":31,"column":2}},"line":24},"2":{"name":"(anonymous_2)","decl":{"start":{"line":42,"column":14},"end":{"line":42,"column":15}},"loc":{"start":{"line":43,"column":5},"end":{"line":45,"column":16}},"line":43}},"branchMap":{"0":{"loc":{"start":{"line":25,"column":2},"end":{"line":30,"column":3}},"type":"switch","locations":[{"start":{"line":26,"column":3},"end":{"line":27,"column":35}},{"start":{"line":28,"column":3},"end":{"line":29,"column":10}}],"line":25},"1":{"loc":{"start":{"line":48,"column":5},"end":{"line":48,"column":93}},"type":"cond-expr","locations":[{"start":{"line":48,"column":24},"end":{"line":48,"column":86}},{"start":{"line":48,"column":89},"end":{"line":48,"column":93}}],"line":48}},"s":{"0":1,"1":0,"2":0,"3":0,"4":0,"5":0,"6":0},"f":{"0":0,"1":0,"2":0},"b":{"0":[0,0],"1":[0,0]},"_coverageSchema":"1a1c01bbd47fc00a2c39e90264f33305004495a9","hash":"80946e279abb55d40ba0745c3e6db4c970841fc0"}
,"/Users/dhas/Documents/office/dodge/microfrontend-d-c/packages/container/src/components/devextremeGrid/index.js": {"path":"/Users/dhas/Documents/office/dodge/microfrontend-d-c/packages/container/src/components/devextremeGrid/index.js","statementMap":{"0":{"start":{"line":11,"column":26},"end":{"line":94,"column":1}},"1":{"start":{"line":104,"column":4},"end":{"line":121,"column":5}},"2":{"start":{"line":106,"column":10},"end":{"line":120,"column":12}},"3":{"start":{"line":107,"column":33},"end":{"line":107,"column":104}},"4":{"start":{"line":107,"column":77},"end":{"line":107,"column":103}},"5":{"start":{"line":109,"column":12},"end":{"line":119,"column":13}},"6":{"start":{"line":110,"column":30},"end":{"line":110,"column":101}},"7":{"start":{"line":110,"column":74},"end":{"line":110,"column":100}},"8":{"start":{"line":111,"column":16},"end":{"line":113,"column":18}},"9":{"start":{"line":112,"column":20},"end":{"line":112,"column":87}},"10":{"start":{"line":115,"column":30},"end":{"line":115,"column":101}},"11":{"start":{"line":115,"column":74},"end":{"line":115,"column":100}},"12":{"start":{"line":116,"column":16},"end":{"line":118,"column":18}},"13":{"start":{"line":117,"column":20},"end":{"line":117,"column":86}},"14":{"start":{"line":123,"column":2},"end":{"line":157,"column":4}}},"fnMap":{"0":{"name":"DevExtremeGrid","decl":{"start":{"line":96,"column":24},"end":{"line":96,"column":38}},"loc":{"start":{"line":100,"column":3},"end":{"line":158,"column":1}},"line":100},"1":{"name":"optionChanged","decl":{"start":{"line":103,"column":11},"end":{"line":103,"column":24}},"loc":{"start":{"line":103,"column":28},"end":{"line":122,"column":3}},"line":103},"2":{"name":"(anonymous_2)","decl":{"start":{"line":106,"column":21},"end":{"line":106,"column":22}},"loc":{"start":{"line":106,"column":31},"end":{"line":120,"column":11}},"line":106},"3":{"name":"(anonymous_3)","decl":{"start":{"line":107,"column":72},"end":{"line":107,"column":73}},"loc":{"start":{"line":107,"column":77},"end":{"line":107,"column":103}},"line":107},"4":{"name":"(anonymous_4)","decl":{"start":{"line":110,"column":69},"end":{"line":110,"column":70}},"loc":{"start":{"line":110,"column":74},"end":{"line":110,"column":100}},"line":110},"5":{"name":"(anonymous_5)","decl":{"start":{"line":111,"column":32},"end":{"line":111,"column":33}},"loc":{"start":{"line":111,"column":49},"end":{"line":113,"column":17}},"line":111},"6":{"name":"(anonymous_6)","decl":{"start":{"line":115,"column":69},"end":{"line":115,"column":70}},"loc":{"start":{"line":115,"column":74},"end":{"line":115,"column":100}},"line":115},"7":{"name":"(anonymous_7)","decl":{"start":{"line":116,"column":32},"end":{"line":116,"column":33}},"loc":{"start":{"line":116,"column":50},"end":{"line":118,"column":17}},"line":116}},"branchMap":{"0":{"loc":{"start":{"line":104,"column":4},"end":{"line":121,"column":5}},"type":"if","locations":[{"start":{"line":104,"column":4},"end":{"line":121,"column":5}},{"start":{},"end":{}}],"line":104},"1":{"loc":{"start":{"line":109,"column":12},"end":{"line":119,"column":13}},"type":"if","locations":[{"start":{"line":109,"column":12},"end":{"line":119,"column":13}},{"start":{"line":114,"column":19},"end":{"line":119,"column":13}}],"line":109}},"s":{"0":0,"1":0,"2":0,"3":0,"4":0,"5":0,"6":0,"7":0,"8":0,"9":0,"10":0,"11":0,"12":0,"13":0,"14":0},"f":{"0":0,"1":0,"2":0,"3":0,"4":0,"5":0,"6":0,"7":0},"b":{"0":[0,0],"1":[0,0]}}
,"/Users/dhas/Documents/office/dodge/microfrontend-d-c/packages/container/src/container/index.js": {"path":"/Users/dhas/Documents/office/dodge/microfrontend-d-c/packages/container/src/container/index.js","statementMap":{"0":{"start":{"line":14,"column":15},"end":{"line":14,"column":23}},"1":{"start":{"line":15,"column":26},"end":{"line":15,"column":46}},"2":{"start":{"line":17,"column":4},"end":{"line":17,"column":25}},"3":{"start":{"line":19,"column":32},"end":{"line":21,"column":3}},"4":{"start":{"line":20,"column":4},"end":{"line":20,"column":18}},"5":{"start":{"line":22,"column":33},"end":{"line":25,"column":3}},"6":{"start":{"line":23,"column":4},"end":{"line":23,"column":40}},"7":{"start":{"line":24,"column":4},"end":{"line":24,"column":19}},"8":{"start":{"line":27,"column":28},"end":{"line":40,"column":3}},"9":{"start":{"line":42,"column":27},"end":{"line":85,"column":8}},"10":{"start":{"line":43,"column":4},"end":{"line":82,"column":5}},"11":{"start":{"line":44,"column":6},"end":{"line":81,"column":7}},"12":{"start":{"line":45,"column":23},"end":{"line":45,"column":37}},"13":{"start":{"line":46,"column":24},"end":{"line":46,"column":70}},"14":{"start":{"line":48,"column":8},"end":{"line":58,"column":11}},"15":{"start":{"line":52,"column":10},"end":{"line":57,"column":13}},"16":{"start":{"line":53,"column":12},"end":{"line":56,"column":14}},"17":{"start":{"line":59,"column":13},"end":{"line":81,"column":7}},"18":{"start":{"line":60,"column":20},"end":{"line":60,"column":31}},"19":{"start":{"line":61,"column":8},"end":{"line":66,"column":11}},"20":{"start":{"line":65,"column":10},"end":{"line":65,"column":38}},"21":{"start":{"line":68,"column":25},"end":{"line":68,"column":39}},"22":{"start":{"line":69,"column":26},"end":{"line":69,"column":71}},"23":{"start":{"line":70,"column":8},"end":{"line":80,"column":11}},"24":{"start":{"line":74,"column":10},"end":{"line":79,"column":13}},"25":{"start":{"line":75,"column":12},"end":{"line":78,"column":14}},"26":{"start":{"line":84,"column":4},"end":{"line":84,"column":29}},"27":{"start":{"line":89,"column":2},"end":{"line":95,"column":4}},"28":{"start":{"line":96,"column":19},"end":{"line":96,"column":28}},"29":{"start":{"line":98,"column":17},"end":{"line":100,"column":1}},"30":{"start":{"line":99,"column":2},"end":{"line":99,"column":61}},"31":{"start":{"line":102,"column":2},"end":{"line":123,"column":4}}},"fnMap":{"0":{"name":"HoldingsByAccount","decl":{"start":{"line":13,"column":24},"end":{"line":13,"column":41}},"loc":{"start":{"line":13,"column":44},"end":{"line":124,"column":1}},"line":13},"1":{"name":"(anonymous_1)","decl":{"start":{"line":19,"column":32},"end":{"line":19,"column":33}},"loc":{"start":{"line":19,"column":38},"end":{"line":21,"column":3}},"line":19},"2":{"name":"(anonymous_2)","decl":{"start":{"line":22,"column":33},"end":{"line":22,"column":34}},"loc":{"start":{"line":22,"column":39},"end":{"line":25,"column":3}},"line":22},"3":{"name":"(anonymous_3)","decl":{"start":{"line":42,"column":39},"end":{"line":42,"column":40}},"loc":{"start":{"line":42,"column":71},"end":{"line":85,"column":3}},"line":42},"4":{"name":"(anonymous_4)","decl":{"start":{"line":51,"column":16},"end":{"line":51,"column":17}},"loc":{"start":{"line":51,"column":28},"end":{"line":58,"column":9}},"line":51},"5":{"name":"(anonymous_5)","decl":{"start":{"line":52,"column":43},"end":{"line":52,"column":44}},"loc":{"start":{"line":52,"column":61},"end":{"line":57,"column":11}},"line":52},"6":{"name":"(anonymous_6)","decl":{"start":{"line":64,"column":16},"end":{"line":64,"column":17}},"loc":{"start":{"line":64,"column":22},"end":{"line":66,"column":9}},"line":64},"7":{"name":"(anonymous_7)","decl":{"start":{"line":73,"column":16},"end":{"line":73,"column":17}},"loc":{"start":{"line":73,"column":28},"end":{"line":80,"column":9}},"line":73},"8":{"name":"(anonymous_8)","decl":{"start":{"line":74,"column":42},"end":{"line":74,"column":43}},"loc":{"start":{"line":74,"column":60},"end":{"line":79,"column":11}},"line":74},"9":{"name":"(anonymous_9)","decl":{"start":{"line":98,"column":17},"end":{"line":98,"column":18}},"loc":{"start":{"line":98,"column":27},"end":{"line":100,"column":1}},"line":98}},"branchMap":{"0":{"loc":{"start":{"line":43,"column":4},"end":{"line":82,"column":5}},"type":"if","locations":[{"start":{"line":43,"column":4},"end":{"line":82,"column":5}},{"start":{},"end":{}}],"line":43},"1":{"loc":{"start":{"line":43,"column":8},"end":{"line":43,"column":30}},"type":"binary-expr","locations":[{"start":{"line":43,"column":8},"end":{"line":43,"column":18}},{"start":{"line":43,"column":22},"end":{"line":43,"column":30}}],"line":43},"2":{"loc":{"start":{"line":44,"column":6},"end":{"line":81,"column":7}},"type":"if","locations":[{"start":{"line":44,"column":6},"end":{"line":81,"column":7}},{"start":{"line":59,"column":13},"end":{"line":81,"column":7}}],"line":44},"3":{"loc":{"start":{"line":59,"column":13},"end":{"line":81,"column":7}},"type":"if","locations":[{"start":{"line":59,"column":13},"end":{"line":81,"column":7}},{"start":{"line":67,"column":13},"end":{"line":81,"column":7}}],"line":59}},"s":{"0":0,"1":0,"2":0,"3":0,"4":0,"5":0,"6":0,"7":0,"8":0,"9":0,"10":0,"11":0,"12":0,"13":0,"14":0,"15":0,"16":0,"17":0,"18":0,"19":0,"20":0,"21":0,"22":0,"23":0,"24":0,"25":0,"26":0,"27":0,"28":0,"29":0,"30":0,"31":0},"f":{"0":0,"1":0,"2":0,"3":0,"4":0,"5":0,"6":0,"7":0,"8":0,"9":0},"b":{"0":[0,0],"1":[0,0],"2":[0,0],"3":[0,0]}}
,"/Users/dhas/Documents/office/dodge/microfrontend-d-c/packages/container/src/layout/figma.js": {"path":"/Users/dhas/Documents/office/dodge/microfrontend-d-c/packages/container/src/layout/figma.js","statementMap":{"0":{"start":{"line":12,"column":31},"end":{"line":29,"column":3}},"1":{"start":{"line":12,"column":55},"end":{"line":29,"column":1}},"2":{"start":{"line":31,"column":29},"end":{"line":38,"column":3}},"3":{"start":{"line":31,"column":51},"end":{"line":38,"column":1}},"4":{"start":{"line":40,"column":17},"end":{"line":48,"column":7}},"5":{"start":{"line":50,"column":18},"end":{"line":78,"column":1}},"6":{"start":{"line":80,"column":15},"end":{"line":110,"column":1}},"7":{"start":{"line":81,"column":2},"end":{"line":109,"column":4}},"8":{"start":{"line":90,"column":12},"end":{"line":92,"column":19}}},"fnMap":{"0":{"name":"(anonymous_0)","decl":{"start":{"line":12,"column":48},"end":{"line":12,"column":49}},"loc":{"start":{"line":12,"column":55},"end":{"line":29,"column":1}},"line":12},"1":{"name":"(anonymous_1)","decl":{"start":{"line":31,"column":44},"end":{"line":31,"column":45}},"loc":{"start":{"line":31,"column":51},"end":{"line":38,"column":1}},"line":31},"2":{"name":"(anonymous_2)","decl":{"start":{"line":80,"column":15},"end":{"line":80,"column":16}},"loc":{"start":{"line":80,"column":21},"end":{"line":110,"column":1}},"line":80},"3":{"name":"(anonymous_3)","decl":{"start":{"line":89,"column":25},"end":{"line":89,"column":26}},"loc":{"start":{"line":90,"column":12},"end":{"line":92,"column":19}},"line":90}},"branchMap":{},"s":{"0":0,"1":0,"2":0,"3":0,"4":0,"5":0,"6":0,"7":0,"8":0},"f":{"0":0,"1":0,"2":0,"3":0},"b":{}}
}
