TN:
SF:src/components/company-ranking/form.js
FN:12,(anonymous_0)
FN:30,(anonymous_1)
FN:41,(anonymous_2)
FN:53,(anonymous_3)
FN:58,(anonymous_4)
FN:89,(anonymous_5)
FN:112,(anonymous_6)
FN:119,(anonymous_7)
FNF:8
FNH:3
FNDA:2,(anonymous_0)
FNDA:0,(anonymous_1)
FNDA:0,(anonymous_2)
FNDA:0,(anonymous_3)
FNDA:2,(anonymous_4)
FNDA:4,(anonymous_5)
FNDA:0,(anonymous_6)
FNDA:0,(anonymous_7)
DA:12,1
DA:19,2
DA:23,2
DA:24,2
DA:25,2
DA:28,2
DA:30,2
DA:31,0
DA:32,0
DA:33,0
DA:36,0
DA:38,0
DA:41,2
DA:42,0
DA:43,0
DA:44,0
DA:45,0
DA:46,0
DA:47,0
DA:49,0
DA:53,2
DA:55,0
DA:58,2
DA:59,2
DA:60,0
DA:62,2
DA:70,2
DA:90,4
DA:112,0
DA:120,0
LF:30
LH:14
BRDA:28,0,0,2
BRDA:28,0,1,2
BRDA:32,1,0,0
BRDA:32,1,1,0
BRDA:34,2,0,0
BRDA:34,2,1,0
BRDA:44,3,0,0
BRDA:44,3,1,0
BRDA:59,4,0,0
BRDA:59,4,1,2
BRDA:96,5,0,2
BRDA:96,5,1,0
BRF:12
BRH:4
end_of_record
