TN:
SF:src/components/Form.js
FN:15,ModalForm
FN:60,(anonymous_1)
FN:75,(anonymous_2)
FN:111,(anonymous_3)
FN:153,(anonymous_4)
FN:154,(anonymous_5)
FNF:6
FNH:0
FNDA:0,ModalForm
FNDA:0,(anonymous_1)
FNDA:0,(anonymous_2)
FNDA:0,(anonymous_3)
FNDA:0,(anonymous_4)
FNDA:0,(anonymous_5)
DA:22,0
DA:30,0
DA:32,0
DA:65,0
DA:76,0
DA:116,0
DA:154,0
LF:7
LH:0
BRDA:117,0,0,0
BRDA:117,0,1,0
BRF:2
BRH:0
end_of_record
TN:
SF:src/components/Select.js
FN:15,SelectBoxComponent
FN:24,renderErrorMessage
FNF:2
FNH:1
FNDA:2,SelectBoxComponent
FNDA:0,renderErrorMessage
DA:7,1
DA:22,2
DA:25,0
DA:26,0
DA:28,0
DA:30,0
DA:34,2
LF:7
LH:3
BRDA:26,0,0,0
BRDA:26,0,1,0
BRDA:45,1,0,0
BRDA:45,1,1,2
BRF:4
BRH:1
end_of_record
TN:
SF:src/components/company-ranking/form.js
FN:12,(anonymous_0)
FN:30,(anonymous_1)
FN:41,(anonymous_2)
FN:53,(anonymous_3)
FN:58,(anonymous_4)
FN:89,(anonymous_5)
FN:112,(anonymous_6)
FN:119,(anonymous_7)
FNF:8
FNH:3
FNDA:2,(anonymous_0)
FNDA:0,(anonymous_1)
FNDA:0,(anonymous_2)
FNDA:0,(anonymous_3)
FNDA:2,(anonymous_4)
FNDA:4,(anonymous_5)
FNDA:0,(anonymous_6)
FNDA:0,(anonymous_7)
DA:12,1
DA:19,2
DA:23,2
DA:24,2
DA:25,2
DA:28,2
DA:30,2
DA:31,0
DA:32,0
DA:33,0
DA:36,0
DA:38,0
DA:41,2
DA:42,0
DA:43,0
DA:44,0
DA:45,0
DA:46,0
DA:47,0
DA:49,0
DA:53,2
DA:55,0
DA:58,2
DA:59,2
DA:60,0
DA:62,2
DA:70,2
DA:90,4
DA:112,0
DA:120,0
LF:30
LH:14
BRDA:28,0,0,2
BRDA:28,0,1,2
BRDA:32,1,0,0
BRDA:32,1,1,0
BRDA:34,2,0,0
BRDA:34,2,1,0
BRDA:44,3,0,0
BRDA:44,3,1,0
BRDA:59,4,0,0
BRDA:59,4,1,2
BRDA:96,5,0,2
BRDA:96,5,1,0
BRF:12
BRH:4
end_of_record
TN:
SF:src/layout/figma.js
FN:13,(anonymous_0)
FN:32,(anonymous_1)
FN:94,(anonymous_2)
FN:107,(anonymous_3)
FNF:4
FNH:0
FNDA:0,(anonymous_0)
FNDA:0,(anonymous_1)
FNDA:0,(anonymous_2)
FNDA:0,(anonymous_3)
DA:13,0
DA:32,0
DA:41,0
DA:51,0
DA:81,0
DA:83,0
DA:94,0
DA:95,0
DA:108,0
LF:9
LH:0
BRF:0
BRH:0
end_of_record
